# JRE version: OpenJDK Runtime Environment Temurin-17.0.9+9 (17.0.9+9) (build 17.0.9+9)
# Java VM: OpenJDK 64-Bit Server VM Temurin-17.0.9+9 (17.0.9+9, mixed mode, tiered, compressed oops, compressed class ptrs, parallel gc, windows-amd64)
GC Precious Log:
 CPUs: 16 total, 16 available
 Memory: 16222M
 Large Page Support: Disabled
 NUMA Support: Disabled
 Compressed Oops: Enabled (32-bit)
 Alignments: Space 512K, Generation 512K, Heap 2M
 Heap Min Capacity: 100M
 Heap Initial Capacity: 100M
 Heap Max Capacity: 1G
 Pre-touch: Disabled
 Parallel Workers: 13
Heap:
 PSYoungGen      total 45568K, used 45195K [0x00000000eab00000, 0x00000000edf80000, 0x0000000100000000)
  eden space 39936K, 100% used [0x00000000eab00000,0x00000000ed200000,0x00000000ed200000)
  from space 5632K, 93% used [0x00000000eda00000,0x00000000edf22c18,0x00000000edf80000)
  to   space 6144K, 99% used [0x00000000ed380000,0x00000000ed97cd80,0x00000000ed980000)
 ParOldGen       total 306176K, used 305669K [0x00000000c0000000, 0x00000000d2b00000, 0x00000000eab00000)
  object space 306176K, 99% used [0x00000000c0000000,0x00000000d2a81480,0x00000000d2b00000)
 Metaspace       used 67203K, committed 68352K, reserved 1114112K
  class space    used 7661K, committed 8128K, reserved 1048576K
GC Heap History (20 events):
Event: 7.583 GC heap after
{Heap after GC invocations=139 (full 9):
 PSYoungGen      total 31232K, used 9006K [0x00000000eab00000, 0x00000000eda80000, 0x0000000100000000)
  eden space 22016K, 0% used [0x00000000eab00000,0x00000000eab00000,0x00000000ec080000)
  from space 9216K, 97% used [0x00000000ec080000,0x00000000ec94b980,0x00000000ec980000)
  to   space 11776K, 0% used [0x00000000ecf00000,0x00000000ecf00000,0x00000000eda80000)
 ParOldGen       total 305664K, used 259254K [0x00000000c0000000, 0x00000000d2a80000, 0x00000000eab00000)
  object space 305664K, 84% used [0x00000000c0000000,0x00000000cfd2db38,0x00000000d2a80000)
 Metaspace       used 63908K, committed 65024K, reserved 1114112K
  class space    used 7334K, committed 7744K, reserved 1048576K
}
Event: 7.594 GC heap before
{Heap before GC invocations=140 (full 9):
 PSYoungGen      total 31232K, used 31022K [0x00000000eab00000, 0x00000000eda80000, 0x0000000100000000)
  eden space 22016K, 100% used [0x00000000eab00000,0x00000000ec080000,0x00000000ec080000)
  from space 9216K, 97% used [0x00000000ec080000,0x00000000ec94b980,0x00000000ec980000)
  to   space 11776K, 0% used [0x00000000ecf00000,0x00000000ecf00000,0x00000000eda80000)
 ParOldGen       total 305664K, used 259254K [0x00000000c0000000, 0x00000000d2a80000, 0x00000000eab00000)
  object space 305664K, 84% used [0x00000000c0000000,0x00000000cfd2db38,0x00000000d2a80000)
 Metaspace       used 63908K, committed 65024K, reserved 1114112K
  class space    used 7334K, committed 7744K, reserved 1048576K
}
Event: 7.599 GC heap after
{Heap after GC invocations=140 (full 9):
 PSYoungGen      total 33792K, used 8433K [0x00000000eab00000, 0x00000000ed780000, 0x0000000100000000)
  eden space 25088K, 0% used [0x00000000eab00000,0x00000000eab00000,0x00000000ec380000)
  from space 8704K, 96% used [0x00000000ecf00000,0x00000000ed73c798,0x00000000ed780000)
  to   space 9216K, 0% used [0x00000000ec580000,0x00000000ec580000,0x00000000ece80000)
 ParOldGen       total 305664K, used 267856K [0x00000000c0000000, 0x00000000d2a80000, 0x00000000eab00000)
  object space 305664K, 87% used [0x00000000c0000000,0x00000000d05940f0,0x00000000d2a80000)
 Metaspace       used 63908K, committed 65024K, reserved 1114112K
  class space    used 7334K, committed 7744K, reserved 1048576K
}
Event: 7.611 GC heap before
{Heap before GC invocations=141 (full 9):
 PSYoungGen      total 33792K, used 33521K [0x00000000eab00000, 0x00000000ed780000, 0x0000000100000000)
  eden space 25088K, 100% used [0x00000000eab00000,0x00000000ec380000,0x00000000ec380000)
  from space 8704K, 96% used [0x00000000ecf00000,0x00000000ed73c798,0x00000000ed780000)
  to   space 9216K, 0% used [0x00000000ec580000,0x00000000ec580000,0x00000000ece80000)
 ParOldGen       total 305664K, used 267856K [0x00000000c0000000, 0x00000000d2a80000, 0x00000000eab00000)
  object space 305664K, 87% used [0x00000000c0000000,0x00000000d05940f0,0x00000000d2a80000)
 Metaspace       used 63908K, committed 65024K, reserved 1114112K
  class space    used 7334K, committed 7744K, reserved 1048576K
}
Event: 7.615 GC heap after
{Heap after GC invocations=141 (full 9):
 PSYoungGen      total 36352K, used 9207K [0x00000000eab00000, 0x00000000eed00000, 0x0000000100000000)
  eden space 27136K, 0% used [0x00000000eab00000,0x00000000eab00000,0x00000000ec580000)
  from space 9216K, 99% used [0x00000000ec580000,0x00000000ece7ddc8,0x00000000ece80000)
  to   space 19456K, 0% used [0x00000000eda00000,0x00000000eda00000,0x00000000eed00000)
 ParOldGen       total 305664K, used 276266K [0x00000000c0000000, 0x00000000d2a80000, 0x00000000eab00000)
  object space 305664K, 90% used [0x00000000c0000000,0x00000000d0dca8b0,0x00000000d2a80000)
 Metaspace       used 63908K, committed 65024K, reserved 1114112K
  class space    used 7334K, committed 7744K, reserved 1048576K
}
Event: 9.273 GC heap before
{Heap before GC invocations=142 (full 9):
 PSYoungGen      total 36352K, used 36343K [0x00000000eab00000, 0x00000000eed00000, 0x0000000100000000)
  eden space 27136K, 100% used [0x00000000eab00000,0x00000000ec580000,0x00000000ec580000)
  from space 9216K, 99% used [0x00000000ec580000,0x00000000ece7ddc8,0x00000000ece80000)
  to   space 19456K, 0% used [0x00000000eda00000,0x00000000eda00000,0x00000000eed00000)
 ParOldGen       total 305664K, used 276266K [0x00000000c0000000, 0x00000000d2a80000, 0x00000000eab00000)
  object space 305664K, 90% used [0x00000000c0000000,0x00000000d0dca8b0,0x00000000d2a80000)
 Metaspace       used 63917K, committed 65024K, reserved 1114112K
  class space    used 7334K, committed 7744K, reserved 1048576K
}
Event: 9.276 GC heap after
{Heap after GC invocations=142 (full 9):
 PSYoungGen      total 31744K, used 565K [0x00000000eab00000, 0x00000000edb00000, 0x0000000100000000)
  eden space 30720K, 0% used [0x00000000eab00000,0x00000000eab00000,0x00000000ec900000)
  from space 1024K, 55% used [0x00000000eda00000,0x00000000eda8d6a0,0x00000000edb00000)
  to   space 7168K, 0% used [0x00000000ecd00000,0x00000000ecd00000,0x00000000ed400000)
 ParOldGen       total 305664K, used 285305K [0x00000000c0000000, 0x00000000d2a80000, 0x00000000eab00000)
  object space 305664K, 93% used [0x00000000c0000000,0x00000000d169e760,0x00000000d2a80000)
 Metaspace       used 63917K, committed 65024K, reserved 1114112K
  class space    used 7334K, committed 7744K, reserved 1048576K
}
Event: 9.876 GC heap before
{Heap before GC invocations=143 (full 9):
 PSYoungGen      total 31744K, used 31285K [0x00000000eab00000, 0x00000000edb00000, 0x0000000100000000)
  eden space 30720K, 99% used [0x00000000eab00000,0x00000000ec8fffd0,0x00000000ec900000)
  from space 1024K, 55% used [0x00000000eda00000,0x00000000eda8d6a0,0x00000000edb00000)
  to   space 7168K, 0% used [0x00000000ecd00000,0x00000000ecd00000,0x00000000ed400000)
 ParOldGen       total 305664K, used 285305K [0x00000000c0000000, 0x00000000d2a80000, 0x00000000eab00000)
  object space 305664K, 93% used [0x00000000c0000000,0x00000000d169e760,0x00000000d2a80000)
 Metaspace       used 64006K, committed 65088K, reserved 1114112K
  class space    used 7348K, committed 7744K, reserved 1048576K
}
Event: 9.877 GC heap after
{Heap after GC invocations=143 (full 9):
 PSYoungGen      total 40960K, used 384K [0x00000000eab00000, 0x00000000eda80000, 0x0000000100000000)
  eden space 33792K, 0% used [0x00000000eab00000,0x00000000eab00000,0x00000000ecc00000)
  from space 7168K, 5% used [0x00000000ecd00000,0x00000000ecd60000,0x00000000ed400000)
  to   space 1536K, 0% used [0x00000000ed900000,0x00000000ed900000,0x00000000eda80000)
 ParOldGen       total 305664K, used 285583K [0x00000000c0000000, 0x00000000d2a80000, 0x00000000eab00000)
  object space 305664K, 93% used [0x00000000c0000000,0x00000000d16e3e00,0x00000000d2a80000)
 Metaspace       used 64006K, committed 65088K, reserved 1114112K
  class space    used 7348K, committed 7744K, reserved 1048576K
}
Event: 9.929 GC heap before
{Heap before GC invocations=144 (full 9):
 PSYoungGen      total 40960K, used 34176K [0x00000000eab00000, 0x00000000eda80000, 0x0000000100000000)
  eden space 33792K, 100% used [0x00000000eab00000,0x00000000ecc00000,0x00000000ecc00000)
  from space 7168K, 5% used [0x00000000ecd00000,0x00000000ecd60000,0x00000000ed400000)
  to   space 1536K, 0% used [0x00000000ed900000,0x00000000ed900000,0x00000000eda80000)
 ParOldGen       total 305664K, used 285583K [0x00000000c0000000, 0x00000000d2a80000, 0x00000000eab00000)
  object space 305664K, 93% used [0x00000000c0000000,0x00000000d16e3e00,0x00000000d2a80000)
 Metaspace       used 64405K, committed 65472K, reserved 1114112K
  class space    used 7385K, committed 7808K, reserved 1048576K
}
Event: 9.931 GC heap after
{Heap after GC invocations=144 (full 9):
 PSYoungGen      total 38912K, used 1520K [0x00000000eab00000, 0x00000000eda80000, 0x0000000100000000)
  eden space 37376K, 0% used [0x00000000eab00000,0x00000000eab00000,0x00000000ecf80000)
  from space 1536K, 98% used [0x00000000ed900000,0x00000000eda7c1a0,0x00000000eda80000)
  to   space 3584K, 0% used [0x00000000ed380000,0x00000000ed380000,0x00000000ed700000)
 ParOldGen       total 305664K, used 286845K [0x00000000c0000000, 0x00000000d2a80000, 0x00000000eab00000)
  object space 305664K, 93% used [0x00000000c0000000,0x00000000d181f608,0x00000000d2a80000)
 Metaspace       used 64405K, committed 65472K, reserved 1114112K
  class space    used 7385K, committed 7808K, reserved 1048576K
}
Event: 9.971 GC heap before
{Heap before GC invocations=145 (full 9):
 PSYoungGen      total 38912K, used 38888K [0x00000000eab00000, 0x00000000eda80000, 0x0000000100000000)
  eden space 37376K, 99% used [0x00000000eab00000,0x00000000ecf7df90,0x00000000ecf80000)
  from space 1536K, 98% used [0x00000000ed900000,0x00000000eda7c1a0,0x00000000eda80000)
  to   space 3584K, 0% used [0x00000000ed380000,0x00000000ed380000,0x00000000ed700000)
 ParOldGen       total 305664K, used 286845K [0x00000000c0000000, 0x00000000d2a80000, 0x00000000eab00000)
  object space 305664K, 93% used [0x00000000c0000000,0x00000000d181f608,0x00000000d2a80000)
 Metaspace       used 64822K, committed 65984K, reserved 1114112K
  class space    used 7429K, committed 7936K, reserved 1048576K
}
Event: 9.974 GC heap after
{Heap after GC invocations=145 (full 9):
 PSYoungGen      total 44544K, used 3560K [0x00000000eab00000, 0x00000000ee200000, 0x0000000100000000)
  eden space 40960K, 0% used [0x00000000eab00000,0x00000000eab00000,0x00000000ed300000)
  from space 3584K, 99% used [0x00000000ed380000,0x00000000ed6fa018,0x00000000ed700000)
  to   space 7680K, 0% used [0x00000000eda80000,0x00000000eda80000,0x00000000ee200000)
 ParOldGen       total 305664K, used 289835K [0x00000000c0000000, 0x00000000d2a80000, 0x00000000eab00000)
  object space 305664K, 94% used [0x00000000c0000000,0x00000000d1b0af28,0x00000000d2a80000)
 Metaspace       used 64822K, committed 65984K, reserved 1114112K
  class space    used 7429K, committed 7936K, reserved 1048576K
}
Event: 10.072 GC heap before
{Heap before GC invocations=146 (full 9):
 PSYoungGen      total 44544K, used 44520K [0x00000000eab00000, 0x00000000ee200000, 0x0000000100000000)
  eden space 40960K, 100% used [0x00000000eab00000,0x00000000ed300000,0x00000000ed300000)
  from space 3584K, 99% used [0x00000000ed380000,0x00000000ed6fa018,0x00000000ed700000)
  to   space 7680K, 0% used [0x00000000eda80000,0x00000000eda80000,0x00000000ee200000)
 ParOldGen       total 305664K, used 289835K [0x00000000c0000000, 0x00000000d2a80000, 0x00000000eab00000)
  object space 305664K, 94% used [0x00000000c0000000,0x00000000d1b0af28,0x00000000d2a80000)
 Metaspace       used 64994K, committed 66112K, reserved 1114112K
  class space    used 7448K, committed 7936K, reserved 1048576K
}
Event: 10.074 GC heap after
{Heap after GC invocations=146 (full 9):
 PSYoungGen      total 43008K, used 2400K [0x00000000eab00000, 0x00000000edd00000, 0x0000000100000000)
  eden space 40448K, 0% used [0x00000000eab00000,0x00000000eab00000,0x00000000ed280000)
  from space 2560K, 93% used [0x00000000eda80000,0x00000000edcd8000,0x00000000edd00000)
  to   space 4096K, 0% used [0x00000000ed500000,0x00000000ed500000,0x00000000ed900000)
 ParOldGen       total 305664K, used 293345K [0x00000000c0000000, 0x00000000d2a80000, 0x00000000eab00000)
  object space 305664K, 95% used [0x00000000c0000000,0x00000000d1e786e0,0x00000000d2a80000)
 Metaspace       used 64994K, committed 66112K, reserved 1114112K
  class space    used 7448K, committed 7936K, reserved 1048576K
}
Event: 10.145 GC heap before
{Heap before GC invocations=147 (full 9):
 PSYoungGen      total 43008K, used 42848K [0x00000000eab00000, 0x00000000edd00000, 0x0000000100000000)
  eden space 40448K, 100% used [0x00000000eab00000,0x00000000ed280000,0x00000000ed280000)
  from space 2560K, 93% used [0x00000000eda80000,0x00000000edcd8000,0x00000000edd00000)
  to   space 4096K, 0% used [0x00000000ed500000,0x00000000ed500000,0x00000000ed900000)
 ParOldGen       total 305664K, used 293345K [0x00000000c0000000, 0x00000000d2a80000, 0x00000000eab00000)
  object space 305664K, 95% used [0x00000000c0000000,0x00000000d1e78728,0x00000000d2a80000)
 Metaspace       used 65405K, committed 66560K, reserved 1114112K
  class space    used 7487K, committed 8000K, reserved 1048576K
}
Event: 10.148 GC heap after
{Heap after GC invocations=147 (full 9):
 PSYoungGen      total 44544K, used 4080K [0x00000000eab00000, 0x00000000ee180000, 0x0000000100000000)
  eden space 40448K, 0% used [0x00000000eab00000,0x00000000eab00000,0x00000000ed280000)
  from space 4096K, 99% used [0x00000000ed500000,0x00000000ed8fc008,0x00000000ed900000)
  to   space 7680K, 0% used [0x00000000eda00000,0x00000000eda00000,0x00000000ee180000)
 ParOldGen       total 305664K, used 295817K [0x00000000c0000000, 0x00000000d2a80000, 0x00000000eab00000)
  object space 305664K, 96% used [0x00000000c0000000,0x00000000d20e2728,0x00000000d2a80000)
 Metaspace       used 65405K, committed 66560K, reserved 1114112K
  class space    used 7487K, committed 8000K, reserved 1048576K
}
Event: 10.225 GC heap before
{Heap before GC invocations=148 (full 9):
 PSYoungGen      total 44544K, used 44528K [0x00000000eab00000, 0x00000000ee180000, 0x0000000100000000)
  eden space 40448K, 100% used [0x00000000eab00000,0x00000000ed280000,0x00000000ed280000)
  from space 4096K, 99% used [0x00000000ed500000,0x00000000ed8fc008,0x00000000ed900000)
  to   space 7680K, 0% used [0x00000000eda00000,0x00000000eda00000,0x00000000ee180000)
 ParOldGen       total 305664K, used 295870K [0x00000000c0000000, 0x00000000d2a80000, 0x00000000eab00000)
  object space 305664K, 96% used [0x00000000c0000000,0x00000000d20ef828,0x00000000d2a80000)
 Metaspace       used 66110K, committed 67264K, reserved 1114112K
  class space    used 7535K, committed 8064K, reserved 1048576K
}
Event: 10.229 GC heap after
{Heap after GC invocations=148 (full 9):
 PSYoungGen      total 45568K, used 5259K [0x00000000eab00000, 0x00000000edf80000, 0x0000000100000000)
  eden space 39936K, 0% used [0x00000000eab00000,0x00000000eab00000,0x00000000ed200000)
  from space 5632K, 93% used [0x00000000eda00000,0x00000000edf22c18,0x00000000edf80000)
  to   space 6144K, 0% used [0x00000000ed380000,0x00000000ed380000,0x00000000ed980000)
 ParOldGen       total 305664K, used 299968K [0x00000000c0000000, 0x00000000d2a80000, 0x00000000eab00000)
  object space 305664K, 98% used [0x00000000c0000000,0x00000000d24f0278,0x00000000d2a80000)
 Metaspace       used 66110K, committed 67264K, reserved 1114112K
  class space    used 7535K, committed 8064K, reserved 1048576K
}
Event: 10.323 GC heap before
{Heap before GC invocations=149 (full 9):
 PSYoungGen      total 45568K, used 45195K [0x00000000eab00000, 0x00000000edf80000, 0x0000000100000000)
  eden space 39936K, 100% used [0x00000000eab00000,0x00000000ed200000,0x00000000ed200000)
  from space 5632K, 93% used [0x00000000eda00000,0x00000000edf22c18,0x00000000edf80000)
  to   space 6144K, 0% used [0x00000000ed380000,0x00000000ed380000,0x00000000ed980000)
 ParOldGen       total 305664K, used 299968K [0x00000000c0000000, 0x00000000d2a80000, 0x00000000eab00000)
  object space 305664K, 98% used [0x00000000c0000000,0x00000000d24f0278,0x00000000d2a80000)
 Metaspace       used 67203K, committed 68352K, reserved 1114112K
  class space    used 7661K, committed 8128K, reserved 1048576K
}

