# JRE version: OpenJDK Runtime Environment Temurin-17.0.9+9 (17.0.9+9) (build 17.0.9+9)
# Java VM: OpenJDK 64-Bit Server VM Temurin-17.0.9+9 (17.0.9+9, mixed mode, tiered, compressed oops, compressed class ptrs, parallel gc, windows-amd64)
GC Precious Log:
 CPUs: 16 total, 16 available
 Memory: 16222M
 Large Page Support: Disabled
 NUMA Support: Disabled
 Compressed Oops: Enabled (32-bit)
 Alignments: Space 512K, Generation 512K, Heap 2M
 Heap Min Capacity: 100M
 Heap Initial Capacity: 100M
 Heap Max Capacity: 1G
 Pre-touch: Disabled
 Parallel Workers: 13
Heap:
 PSYoungGen      total 21504K, used 18285K [0x00000000eab00000, 0x00000000ec500000, 0x0000000100000000)
  eden space 17408K, 81% used [0x00000000eab00000,0x00000000eb8e0210,0x00000000ebc00000)
  from space 4096K, 99% used [0x00000000ebc00000,0x00000000ebffb1f8,0x00000000ec000000)
  to   space 4608K, 0% used [0x00000000ec080000,0x00000000ec080000,0x00000000ec500000)
 ParOldGen       total 68608K, used 52125K [0x00000000c0000000, 0x00000000c4300000, 0x00000000eab00000)
  object space 68608K, 75% used [0x00000000c0000000,0x00000000c32e7570,0x00000000c4300000)
 Metaspace       used 62808K, committed 63936K, reserved 1114112K
  class space    used 7174K, committed 7680K, reserved 1048576K
GC Heap History (20 events):
Event: 4.635 GC heap before
{Heap before GC invocations=29 (full 2):
 PSYoungGen      total 19456K, used 18639K [0x00000000eab00000, 0x00000000ec800000, 0x0000000100000000)
  eden space 18432K, 97% used [0x00000000eab00000,0x00000000ebc83f80,0x00000000ebd00000)
  from space 1024K, 68% used [0x00000000ec700000,0x00000000ec7b0000,0x00000000ec800000)
  to   space 3584K, 0% used [0x00000000ec100000,0x00000000ec100000,0x00000000ec480000)
 ParOldGen       total 68608K, used 43079K [0x00000000c0000000, 0x00000000c4300000, 0x00000000eab00000)
  object space 68608K, 62% used [0x00000000c0000000,0x00000000c2a11dc0,0x00000000c4300000)
 Metaspace       used 55936K, committed 56896K, reserved 1114112K
  class space    used 6199K, committed 6592K, reserved 1048576K
}
Event: 4.636 GC heap after
{Heap after GC invocations=29 (full 2):
 PSYoungGen      total 22016K, used 1878K [0x00000000eab00000, 0x00000000ec780000, 0x0000000100000000)
  eden space 18432K, 0% used [0x00000000eab00000,0x00000000eab00000,0x00000000ebd00000)
  from space 3584K, 52% used [0x00000000ec100000,0x00000000ec2d5ad8,0x00000000ec480000)
  to   space 2560K, 0% used [0x00000000ec500000,0x00000000ec500000,0x00000000ec780000)
 ParOldGen       total 68608K, used 43644K [0x00000000c0000000, 0x00000000c4300000, 0x00000000eab00000)
  object space 68608K, 63% used [0x00000000c0000000,0x00000000c2a9f180,0x00000000c4300000)
 Metaspace       used 55936K, committed 56896K, reserved 1114112K
  class space    used 6199K, committed 6592K, reserved 1048576K
}
Event: 4.741 GC heap before
{Heap before GC invocations=30 (full 2):
 PSYoungGen      total 22016K, used 20310K [0x00000000eab00000, 0x00000000ec780000, 0x0000000100000000)
  eden space 18432K, 100% used [0x00000000eab00000,0x00000000ebd00000,0x00000000ebd00000)
  from space 3584K, 52% used [0x00000000ec100000,0x00000000ec2d5ad8,0x00000000ec480000)
  to   space 2560K, 0% used [0x00000000ec500000,0x00000000ec500000,0x00000000ec780000)
 ParOldGen       total 68608K, used 43644K [0x00000000c0000000, 0x00000000c4300000, 0x00000000eab00000)
  object space 68608K, 63% used [0x00000000c0000000,0x00000000c2a9f180,0x00000000c4300000)
 Metaspace       used 56393K, committed 57408K, reserved 1114112K
  class space    used 6310K, committed 6720K, reserved 1048576K
}
Event: 4.742 GC heap after
{Heap after GC invocations=30 (full 2):
 PSYoungGen      total 20992K, used 2545K [0x00000000eab00000, 0x00000000ec780000, 0x0000000100000000)
  eden space 18432K, 0% used [0x00000000eab00000,0x00000000eab00000,0x00000000ebd00000)
  from space 2560K, 99% used [0x00000000ec500000,0x00000000ec77c548,0x00000000ec780000)
  to   space 5120K, 0% used [0x00000000ebd80000,0x00000000ebd80000,0x00000000ec280000)
 ParOldGen       total 68608K, used 45657K [0x00000000c0000000, 0x00000000c4300000, 0x00000000eab00000)
  object space 68608K, 66% used [0x00000000c0000000,0x00000000c2c964c8,0x00000000c4300000)
 Metaspace       used 56393K, committed 57408K, reserved 1114112K
  class space    used 6310K, committed 6720K, reserved 1048576K
}
Event: 4.860 GC heap before
{Heap before GC invocations=31 (full 2):
 PSYoungGen      total 20992K, used 20977K [0x00000000eab00000, 0x00000000ec780000, 0x0000000100000000)
  eden space 18432K, 100% used [0x00000000eab00000,0x00000000ebd00000,0x00000000ebd00000)
  from space 2560K, 99% used [0x00000000ec500000,0x00000000ec77c548,0x00000000ec780000)
  to   space 5120K, 0% used [0x00000000ebd80000,0x00000000ebd80000,0x00000000ec280000)
 ParOldGen       total 68608K, used 45657K [0x00000000c0000000, 0x00000000c4300000, 0x00000000eab00000)
  object space 68608K, 66% used [0x00000000c0000000,0x00000000c2c964c8,0x00000000c4300000)
 Metaspace       used 58500K, committed 59584K, reserved 1114112K
  class space    used 6650K, committed 7104K, reserved 1048576K
}
Event: 4.861 GC heap after
{Heap after GC invocations=31 (full 2):
 PSYoungGen      total 23552K, used 672K [0x00000000eab00000, 0x00000000ec580000, 0x0000000100000000)
  eden space 18432K, 0% used [0x00000000eab00000,0x00000000eab00000,0x00000000ebd00000)
  from space 5120K, 13% used [0x00000000ebd80000,0x00000000ebe28000,0x00000000ec280000)
  to   space 2560K, 0% used [0x00000000ec300000,0x00000000ec300000,0x00000000ec580000)
 ParOldGen       total 68608K, used 48174K [0x00000000c0000000, 0x00000000c4300000, 0x00000000eab00000)
  object space 68608K, 70% used [0x00000000c0000000,0x00000000c2f0b920,0x00000000c4300000)
 Metaspace       used 58500K, committed 59584K, reserved 1114112K
  class space    used 6650K, committed 7104K, reserved 1048576K
}
Event: 4.876 GC heap before
{Heap before GC invocations=32 (full 2):
 PSYoungGen      total 23552K, used 3023K [0x00000000eab00000, 0x00000000ec580000, 0x0000000100000000)
  eden space 18432K, 12% used [0x00000000eab00000,0x00000000ead4bf38,0x00000000ebd00000)
  from space 5120K, 13% used [0x00000000ebd80000,0x00000000ebe28000,0x00000000ec280000)
  to   space 2560K, 0% used [0x00000000ec300000,0x00000000ec300000,0x00000000ec580000)
 ParOldGen       total 68608K, used 48174K [0x00000000c0000000, 0x00000000c4300000, 0x00000000eab00000)
  object space 68608K, 70% used [0x00000000c0000000,0x00000000c2f0b920,0x00000000c4300000)
 Metaspace       used 58735K, committed 59776K, reserved 1114112K
  class space    used 6689K, committed 7168K, reserved 1048576K
}
Event: 4.876 GC heap after
{Heap after GC invocations=32 (full 2):
 PSYoungGen      total 18944K, used 416K [0x00000000eab00000, 0x00000000ec380000, 0x0000000100000000)
  eden space 18432K, 0% used [0x00000000eab00000,0x00000000eab00000,0x00000000ebd00000)
  from space 512K, 81% used [0x00000000ec300000,0x00000000ec368000,0x00000000ec380000)
  to   space 1024K, 0% used [0x00000000ec180000,0x00000000ec180000,0x00000000ec280000)
 ParOldGen       total 68608K, used 48686K [0x00000000c0000000, 0x00000000c4300000, 0x00000000eab00000)
  object space 68608K, 70% used [0x00000000c0000000,0x00000000c2f8b960,0x00000000c4300000)
 Metaspace       used 58735K, committed 59776K, reserved 1114112K
  class space    used 6689K, committed 7168K, reserved 1048576K
}
Event: 4.876 GC heap before
{Heap before GC invocations=33 (full 3):
 PSYoungGen      total 18944K, used 416K [0x00000000eab00000, 0x00000000ec380000, 0x0000000100000000)
  eden space 18432K, 0% used [0x00000000eab00000,0x00000000eab00000,0x00000000ebd00000)
  from space 512K, 81% used [0x00000000ec300000,0x00000000ec368000,0x00000000ec380000)
  to   space 1024K, 0% used [0x00000000ec180000,0x00000000ec180000,0x00000000ec280000)
 ParOldGen       total 68608K, used 48686K [0x00000000c0000000, 0x00000000c4300000, 0x00000000eab00000)
  object space 68608K, 70% used [0x00000000c0000000,0x00000000c2f8b960,0x00000000c4300000)
 Metaspace       used 58735K, committed 59776K, reserved 1114112K
  class space    used 6689K, committed 7168K, reserved 1048576K
}
Event: 4.910 GC heap after
{Heap after GC invocations=33 (full 3):
 PSYoungGen      total 18944K, used 0K [0x00000000eab00000, 0x00000000ec380000, 0x0000000100000000)
  eden space 18432K, 0% used [0x00000000eab00000,0x00000000eab00000,0x00000000ebd00000)
  from space 512K, 0% used [0x00000000ec300000,0x00000000ec300000,0x00000000ec380000)
  to   space 1024K, 0% used [0x00000000ec180000,0x00000000ec180000,0x00000000ec280000)
 ParOldGen       total 68608K, used 46152K [0x00000000c0000000, 0x00000000c4300000, 0x00000000eab00000)
  object space 68608K, 67% used [0x00000000c0000000,0x00000000c2d12208,0x00000000c4300000)
 Metaspace       used 58735K, committed 59776K, reserved 1114112K
  class space    used 6689K, committed 7168K, reserved 1048576K
}
Event: 5.063 GC heap before
{Heap before GC invocations=34 (full 3):
 PSYoungGen      total 18944K, used 18431K [0x00000000eab00000, 0x00000000ec380000, 0x0000000100000000)
  eden space 18432K, 99% used [0x00000000eab00000,0x00000000ebcffff0,0x00000000ebd00000)
  from space 512K, 0% used [0x00000000ec300000,0x00000000ec300000,0x00000000ec380000)
  to   space 1024K, 0% used [0x00000000ec180000,0x00000000ec180000,0x00000000ec280000)
 ParOldGen       total 68608K, used 46152K [0x00000000c0000000, 0x00000000c4300000, 0x00000000eab00000)
  object space 68608K, 67% used [0x00000000c0000000,0x00000000c2d12208,0x00000000c4300000)
 Metaspace       used 60141K, committed 61184K, reserved 1114112K
  class space    used 6894K, committed 7360K, reserved 1048576K
}
Event: 5.064 GC heap after
{Heap after GC invocations=34 (full 3):
 PSYoungGen      total 19456K, used 896K [0x00000000eab00000, 0x00000000ec380000, 0x0000000100000000)
  eden space 18432K, 0% used [0x00000000eab00000,0x00000000eab00000,0x00000000ebd00000)
  from space 1024K, 87% used [0x00000000ec180000,0x00000000ec260000,0x00000000ec280000)
  to   space 1024K, 0% used [0x00000000ec280000,0x00000000ec280000,0x00000000ec380000)
 ParOldGen       total 68608K, used 46160K [0x00000000c0000000, 0x00000000c4300000, 0x00000000eab00000)
  object space 68608K, 67% used [0x00000000c0000000,0x00000000c2d14208,0x00000000c4300000)
 Metaspace       used 60141K, committed 61184K, reserved 1114112K
  class space    used 6894K, committed 7360K, reserved 1048576K
}
Event: 5.244 GC heap before
{Heap before GC invocations=35 (full 3):
 PSYoungGen      total 19456K, used 19328K [0x00000000eab00000, 0x00000000ec380000, 0x0000000100000000)
  eden space 18432K, 100% used [0x00000000eab00000,0x00000000ebd00000,0x00000000ebd00000)
  from space 1024K, 87% used [0x00000000ec180000,0x00000000ec260000,0x00000000ec280000)
  to   space 1024K, 0% used [0x00000000ec280000,0x00000000ec280000,0x00000000ec380000)
 ParOldGen       total 68608K, used 46160K [0x00000000c0000000, 0x00000000c4300000, 0x00000000eab00000)
  object space 68608K, 67% used [0x00000000c0000000,0x00000000c2d14208,0x00000000c4300000)
 Metaspace       used 61278K, committed 62272K, reserved 1114112K
  class space    used 6990K, committed 7424K, reserved 1048576K
}
Event: 5.245 GC heap after
{Heap after GC invocations=35 (full 3):
 PSYoungGen      total 19456K, used 1008K [0x00000000eab00000, 0x00000000ec380000, 0x0000000100000000)
  eden space 18432K, 0% used [0x00000000eab00000,0x00000000eab00000,0x00000000ebd00000)
  from space 1024K, 98% used [0x00000000ec280000,0x00000000ec37c3e8,0x00000000ec380000)
  to   space 2560K, 0% used [0x00000000ebe80000,0x00000000ebe80000,0x00000000ec100000)
 ParOldGen       total 68608K, used 47050K [0x00000000c0000000, 0x00000000c4300000, 0x00000000eab00000)
  object space 68608K, 68% used [0x00000000c0000000,0x00000000c2df2a60,0x00000000c4300000)
 Metaspace       used 61278K, committed 62272K, reserved 1114112K
  class space    used 6990K, committed 7424K, reserved 1048576K
}
Event: 5.484 GC heap before
{Heap before GC invocations=36 (full 3):
 PSYoungGen      total 19456K, used 19440K [0x00000000eab00000, 0x00000000ec380000, 0x0000000100000000)
  eden space 18432K, 100% used [0x00000000eab00000,0x00000000ebd00000,0x00000000ebd00000)
  from space 1024K, 98% used [0x00000000ec280000,0x00000000ec37c3e8,0x00000000ec380000)
  to   space 2560K, 0% used [0x00000000ebe80000,0x00000000ebe80000,0x00000000ec100000)
 ParOldGen       total 68608K, used 47050K [0x00000000c0000000, 0x00000000c4300000, 0x00000000eab00000)
  object space 68608K, 68% used [0x00000000c0000000,0x00000000c2df2a60,0x00000000c4300000)
 Metaspace       used 61555K, committed 62656K, reserved 1114112K
  class space    used 6994K, committed 7424K, reserved 1048576K
}
Event: 5.485 GC heap after
{Heap after GC invocations=36 (full 3):
 PSYoungGen      total 20992K, used 2144K [0x00000000eab00000, 0x00000000ec300000, 0x0000000100000000)
  eden space 18432K, 0% used [0x00000000eab00000,0x00000000eab00000,0x00000000ebd00000)
  from space 2560K, 83% used [0x00000000ebe80000,0x00000000ec098130,0x00000000ec100000)
  to   space 2048K, 0% used [0x00000000ec100000,0x00000000ec100000,0x00000000ec300000)
 ParOldGen       total 68608K, used 47868K [0x00000000c0000000, 0x00000000c4300000, 0x00000000eab00000)
  object space 68608K, 69% used [0x00000000c0000000,0x00000000c2ebf080,0x00000000c4300000)
 Metaspace       used 61555K, committed 62656K, reserved 1114112K
  class space    used 6994K, committed 7424K, reserved 1048576K
}
Event: 5.666 GC heap before
{Heap before GC invocations=37 (full 3):
 PSYoungGen      total 20992K, used 20576K [0x00000000eab00000, 0x00000000ec300000, 0x0000000100000000)
  eden space 18432K, 100% used [0x00000000eab00000,0x00000000ebd00000,0x00000000ebd00000)
  from space 2560K, 83% used [0x00000000ebe80000,0x00000000ec098130,0x00000000ec100000)
  to   space 2048K, 0% used [0x00000000ec100000,0x00000000ec100000,0x00000000ec300000)
 ParOldGen       total 68608K, used 47868K [0x00000000c0000000, 0x00000000c4300000, 0x00000000eab00000)
  object space 68608K, 69% used [0x00000000c0000000,0x00000000c2ebf080,0x00000000c4300000)
 Metaspace       used 62211K, committed 63296K, reserved 1114112K
  class space    used 7101K, committed 7552K, reserved 1048576K
}
Event: 5.667 GC heap after
{Heap after GC invocations=37 (full 3):
 PSYoungGen      total 19456K, used 2041K [0x00000000eab00000, 0x00000000ec700000, 0x0000000100000000)
  eden space 17408K, 0% used [0x00000000eab00000,0x00000000eab00000,0x00000000ebc00000)
  from space 2048K, 99% used [0x00000000ec100000,0x00000000ec2fe6d8,0x00000000ec300000)
  to   space 5120K, 0% used [0x00000000ebc00000,0x00000000ebc00000,0x00000000ec100000)
 ParOldGen       total 68608K, used 50170K [0x00000000c0000000, 0x00000000c4300000, 0x00000000eab00000)
  object space 68608K, 73% used [0x00000000c0000000,0x00000000c30febb0,0x00000000c4300000)
 Metaspace       used 62211K, committed 63296K, reserved 1114112K
  class space    used 7101K, committed 7552K, reserved 1048576K
}
Event: 5.816 GC heap before
{Heap before GC invocations=38 (full 3):
 PSYoungGen      total 19456K, used 19449K [0x00000000eab00000, 0x00000000ec700000, 0x0000000100000000)
  eden space 17408K, 100% used [0x00000000eab00000,0x00000000ebc00000,0x00000000ebc00000)
  from space 2048K, 99% used [0x00000000ec100000,0x00000000ec2fe6d8,0x00000000ec300000)
  to   space 5120K, 0% used [0x00000000ebc00000,0x00000000ebc00000,0x00000000ec100000)
 ParOldGen       total 68608K, used 50170K [0x00000000c0000000, 0x00000000c4300000, 0x00000000eab00000)
  object space 68608K, 73% used [0x00000000c0000000,0x00000000c30febb0,0x00000000c4300000)
 Metaspace       used 62348K, committed 63424K, reserved 1114112K
  class space    used 7110K, committed 7552K, reserved 1048576K
}
Event: 5.819 GC heap after
{Heap after GC invocations=38 (full 3):
 PSYoungGen      total 21504K, used 4076K [0x00000000eab00000, 0x00000000ec500000, 0x0000000100000000)
  eden space 17408K, 0% used [0x00000000eab00000,0x00000000eab00000,0x00000000ebc00000)
  from space 4096K, 99% used [0x00000000ebc00000,0x00000000ebffb1f8,0x00000000ec000000)
  to   space 4608K, 0% used [0x00000000ec080000,0x00000000ec080000,0x00000000ec500000)
 ParOldGen       total 68608K, used 52125K [0x00000000c0000000, 0x00000000c4300000, 0x00000000eab00000)
  object space 68608K, 75% used [0x00000000c0000000,0x00000000c32e7570,0x00000000c4300000)
 Metaspace       used 62348K, committed 63424K, reserved 1114112K
  class space    used 7110K, committed 7552K, reserved 1048576K
}

